proguard/seeds.txt
com.alibaba.fastjson.parser.JavaBeanMapping
com.alibaba.fastjson.parser.JavaBeanMapping: com.alibaba.fastjson.parser.JavaBeanMapping instance
com.alibaba.fastjson.parser.JavaBeanMapping: JavaBeanMapping()
com.alibaba.fastjson.parser.JavaBeanMapping: com.alibaba.fastjson.parser.JavaBeanMapping getGlobalInstance()
com.alibaba.fastjson.parser.JavaBeanMapping: void <clinit>()
com.alibaba.fastjson.parser.Keywords
com.alibaba.fastjson.parser.Keywords: java.util.Map keywords
com.alibaba.fastjson.parser.Keywords: com.alibaba.fastjson.parser.Keywords DEFAULT_KEYWORDS
com.alibaba.fastjson.parser.Keywords: Keywords(java.util.Map)
com.alibaba.fastjson.parser.Keywords: java.lang.Integer getKeyword(java.lang.String)
com.alibaba.fastjson.parser.Keywords: void <clinit>()
com.alibaba.fastjson.parser.ParseContext
com.alibaba.fastjson.parser.ParseContext: java.lang.Object object
com.alibaba.fastjson.parser.ParseContext: com.alibaba.fastjson.parser.ParseContext parent
com.alibaba.fastjson.parser.ParseContext: java.lang.Object fieldName
com.alibaba.fastjson.parser.ParseContext: ParseContext(com.alibaba.fastjson.parser.ParseContext,java.lang.Object,java.lang.Object)
com.alibaba.fastjson.parser.ParseContext: java.lang.Object getObject()
com.alibaba.fastjson.parser.ParseContext: void setObject(java.lang.Object)
com.alibaba.fastjson.parser.ParseContext: com.alibaba.fastjson.parser.ParseContext getParentContext()
com.alibaba.fastjson.parser.ParseContext: java.lang.Object getFieldName()
com.alibaba.fastjson.parser.ParseContext: java.lang.String getPath()
com.alibaba.fastjson.parser.ParseContext: java.lang.String toString()
com.alibaba.fastjson.parser.ParserConfig
com.alibaba.fastjson.parser.ParserConfig: java.util.Set primitiveClasses
com.alibaba.fastjson.parser.ParserConfig: com.alibaba.fastjson.parser.ParserConfig global
com.alibaba.fastjson.parser.ParserConfig: com.alibaba.fastjson.util.IdentityHashMap derializers
com.alibaba.fastjson.parser.ParserConfig: com.alibaba.fastjson.parser.deserializer.DefaultObjectDeserializer defaultSerializer
com.alibaba.fastjson.parser.ParserConfig: boolean asmEnable
com.alibaba.fastjson.parser.ParserConfig: com.alibaba.fastjson.parser.SymbolTable symbolTable
com.alibaba.fastjson.parser.ParserConfig: com.alibaba.fastjson.parser.ParserConfig getGlobalInstance()
com.alibaba.fastjson.parser.ParserConfig: com.alibaba.fastjson.parser.deserializer.DefaultObjectDeserializer getDefaultSerializer()
com.alibaba.fastjson.parser.ParserConfig: ParserConfig()
com.alibaba.fastjson.parser.ParserConfig: boolean isAsmEnable()
com.alibaba.fastjson.parser.ParserConfig: void setAsmEnable(boolean)
com.alibaba.fastjson.parser.ParserConfig: com.alibaba.fastjson.parser.SymbolTable getSymbolTable()
com.alibaba.fastjson.parser.ParserConfig: com.alibaba.fastjson.util.IdentityHashMap getDerializers()
com.alibaba.fastjson.parser.ParserConfig: com.alibaba.fastjson.parser.deserializer.ObjectDeserializer getDeserializer(java.lang.reflect.Type)
com.alibaba.fastjson.parser.SymbolTable
com.alibaba.fastjson.parser.SymbolTable: int DEFAULT_TABLE_SIZE
com.alibaba.fastjson.parser.SymbolTable: int MAX_BUCKET_LENTH
com.alibaba.fastjson.parser.SymbolTable: int MAX_SIZE
com.alibaba.fastjson.parser.SymbolTable: com.alibaba.fastjson.parser.SymbolTable$Entry[] buckets
com.alibaba.fastjson.parser.SymbolTable: java.lang.String[] symbols
com.alibaba.fastjson.parser.SymbolTable: char[][] symbols_char
com.alibaba.fastjson.parser.SymbolTable: int indexMask
com.alibaba.fastjson.parser.SymbolTable: int size
com.alibaba.fastjson.parser.SymbolTable: SymbolTable()
com.alibaba.fastjson.parser.SymbolTable: SymbolTable(int)
com.alibaba.fastjson.parser.SymbolTable: java.lang.String addSymbol(char[],int,int)
com.alibaba.fastjson.parser.SymbolTable: java.lang.String addSymbol(char[],int,int,int)
com.alibaba.fastjson.parser.SymbolTable: int size()
com.alibaba.fastjson.parser.SymbolTable: int hash(char[],int,int)